stdio    D         file_stdio.c:110  file_stdio_fopen                 [   0.00000] opening C:\Users\Usuario\Downloads\Project3\x64\Debug\allegro5.cfg r
system   D            wsystem.c:799  maybe_parent_dir                 [   0.00000] Also searching C:\Users\Usuario\Downloads\Project3\x64\
system   D            wsystem.c:854  _al_win_safe_load_library        [   0.00000] PathFindOnPath found: C:\Windows\system32\shcore.dll
system   D            wsystem.c:760  load_library_at_path             [   0.00000] Calling LoadLibrary C:\Windows\system32\shcore.dll
system   I            wsystem.c:763  load_library_at_path             [   0.00000] Loaded C:\Windows\system32\shcore.dll
system   I             system.c:267  al_install_system                [   0.00000] Allegro version: 5.2.6
stdio    D         file_stdio.c:110  file_stdio_fopen                 [   0.00034] opening BOSQUE.ttf rb
font     E                ttf.c:994  al_load_ttf_font_stretch         [   0.00042] Unable to open file for reading: BOSQUE.ttf
system   D            wsystem.c:799  maybe_parent_dir                 [   0.00053] Also searching C:\Users\Usuario\Downloads\Project3\x64\
system   D            wsystem.c:854  _al_win_safe_load_library        [   0.00080] PathFindOnPath found: C:\Windows\system32\d3d9.dll
system   D            wsystem.c:760  load_library_at_path             [   0.00084] Calling LoadLibrary C:\Windows\system32\d3d9.dll
system   I            wsystem.c:763  load_library_at_path             [   0.00203] Loaded C:\Windows\system32\d3d9.dll
d3d      I         d3d_disp.cpp:684  d3d_init_display                 [   0.01540] Render-to-texture: 1
d3d      I         d3d_disp.cpp:1778 d3d_create_display_locked        [   0.01652] faux_fullscreen=0
d3d      D         d3d_disp.cpp:1779 d3d_create_display_locked        [   0.01657] al_display=00000189D4FAAEE0
d3d      D         d3d_disp.cpp:1780 d3d_create_display_locked        [   0.01661] al_display->vt=00000189D4FA5E30
d3d      I d3d_display_formats.cpp:144  _al_d3d_generate_display_format_list [   0.02139] found 64 format combinations
display  D   display_settings.c:212  debug_display_settings           [   0.02146] color: 32 (rgba 8880), depth: 0, stencil: 0, acc: 0000, samples: 0/0
display  D   display_settings.c:527  _al_score_display_settings       [   0.02152] Score is : 897
display  D   display_settings.c:212  debug_display_settings           [   0.02156] color: 32 (rgba 8880), depth: 0, stencil: 0, acc: 0000, samples: 0/0
display  D   display_settings.c:527  _al_score_display_settings       [   0.02159] Score is : 897
display  D   display_settings.c:212  debug_display_settings           [   0.02161] color: 32 (rgba 8880), depth: 24, stencil: 8, acc: 0000, samples: 0/0
display  D   display_settings.c:527  _al_score_display_settings       [   0.02164] Score is : 897
display  D   display_settings.c:212  debug_display_settings           [   0.02166] color: 32 (rgba 8880), depth: 24, stencil: 8, acc: 0000, samples: 0/0
display  D   display_settings.c:527  _al_score_display_settings       [   0.02169] Score is : 897
display  D   display_settings.c:212  debug_display_settings           [   0.02171] color: 32 (rgba 8880), depth: 24, stencil: 0, acc: 0000, samples: 0/0
display  D   display_settings.c:527  _al_score_display_settings       [   0.02174] Score is : 897
display  D   display_settings.c:212  debug_display_settings           [   0.02176] color: 32 (rgba 8880), depth: 24, stencil: 0, acc: 0000, samples: 0/0
display  D   display_settings.c:527  _al_score_display_settings       [   0.02179] Score is : 897
display  D   display_settings.c:212  debug_display_settings           [   0.02181] color: 32 (rgba 8880), depth: 16, stencil: 0, acc: 0000, samples: 0/0
display  D   display_settings.c:527  _al_score_display_settings       [   0.02184] Score is : 897
display  D   display_settings.c:212  debug_display_settings           [   0.02186] color: 32 (rgba 8880), depth: 16, stencil: 0, acc: 0000, samples: 0/0
display  D   display_settings.c:527  _al_score_display_settings       [   0.02189] Score is : 897
display  D   display_settings.c:212  debug_display_settings           [   0.02195] color: 16 (rgba 5650), depth: 0, stencil: 0, acc: 0000, samples: 0/0
display  D   display_settings.c:527  _al_score_display_settings       [   0.02199] Score is : 897
display  D   display_settings.c:212  debug_display_settings           [   0.02201] color: 16 (rgba 5650), depth: 0, stencil: 0, acc: 0000, samples: 0/0
display  D   display_settings.c:527  _al_score_display_settings       [   0.02204] Score is : 897
display  D   display_settings.c:212  debug_display_settings           [   0.02206] color: 16 (rgba 5650), depth: 24, stencil: 8, acc: 0000, samples: 0/0
display  D   display_settings.c:527  _al_score_display_settings       [   0.02209] Score is : 897
display  D   display_settings.c:212  debug_display_settings           [   0.02211] color: 16 (rgba 5650), depth: 24, stencil: 8, acc: 0000, samples: 0/0
display  D   display_settings.c:527  _al_score_display_settings       [   0.02214] Score is : 897
display  D   display_settings.c:212  debug_display_settings           [   0.02216] color: 16 (rgba 5650), depth: 24, stencil: 0, acc: 0000, samples: 0/0
display  D   display_settings.c:527  _al_score_display_settings       [   0.02219] Score is : 897
display  D   display_settings.c:212  debug_display_settings           [   0.02221] color: 16 (rgba 5650), depth: 24, stencil: 0, acc: 0000, samples: 0/0
display  D   display_settings.c:527  _al_score_display_settings       [   0.02224] Score is : 897
display  D   display_settings.c:212  debug_display_settings           [   0.02226] color: 16 (rgba 5650), depth: 16, stencil: 0, acc: 0000, samples: 0/0
display  D   display_settings.c:527  _al_score_display_settings       [   0.02229] Score is : 897
display  D   display_settings.c:212  debug_display_settings           [   0.02231] color: 16 (rgba 5650), depth: 16, stencil: 0, acc: 0000, samples: 0/0
display  D   display_settings.c:527  _al_score_display_settings       [   0.02234] Score is : 897
display  D   display_settings.c:212  debug_display_settings           [   0.02236] color: 32 (rgba 8880), depth: 0, stencil: 0, acc: 0000, samples: 0/0
display  D   display_settings.c:398  _al_score_display_settings       [   0.02239] Single Buffer requirement not met.
display  D   display_settings.c:212  debug_display_settings           [   0.02241] color: 32 (rgba 8880), depth: 0, stencil: 0, acc: 0000, samples: 0/0
display  D   display_settings.c:398  _al_score_display_settings       [   0.02244] Single Buffer requirement not met.
display  D   display_settings.c:212  debug_display_settings           [   0.02246] color: 32 (rgba 8880), depth: 24, stencil: 8, acc: 0000, samples: 0/0
display  D   display_settings.c:398  _al_score_display_settings       [   0.02252] Single Buffer requirement not met.
display  D   display_settings.c:212  debug_display_settings           [   0.02255] color: 32 (rgba 8880), depth: 24, stencil: 8, acc: 0000, samples: 0/0
display  D   display_settings.c:398  _al_score_display_settings       [   0.02258] Single Buffer requirement not met.
display  D   display_settings.c:212  debug_display_settings           [   0.02261] color: 32 (rgba 8880), depth: 24, stencil: 0, acc: 0000, samples: 0/0
display  D   display_settings.c:398  _al_score_display_settings       [   0.02267] Single Buffer requirement not met.
display  D   display_settings.c:212  debug_display_settings           [   0.02270] color: 32 (rgba 8880), depth: 24, stencil: 0, acc: 0000, samples: 0/0
display  D   display_settings.c:398  _al_score_display_settings       [   0.02272] Single Buffer requirement not met.
display  D   display_settings.c:212  debug_display_settings           [   0.02275] color: 32 (rgba 8880), depth: 16, stencil: 0, acc: 0000, samples: 0/0
display  D   display_settings.c:398  _al_score_display_settings       [   0.02278] Single Buffer requirement not met.
display  D   display_settings.c:212  debug_display_settings           [   0.02280] color: 32 (rgba 8880), depth: 16, stencil: 0, acc: 0000, samples: 0/0
display  D   display_settings.c:398  _al_score_display_settings       [   0.02283] Single Buffer requirement not met.
display  D   display_settings.c:212  debug_display_settings           [   0.02285] color: 16 (rgba 5650), depth: 0, stencil: 0, acc: 0000, samples: 0/0
display  D   display_settings.c:398  _al_score_display_settings       [   0.02288] Single Buffer requirement not met.
display  D   display_settings.c:212  debug_display_settings           [   0.02290] color: 16 (rgba 5650), depth: 0, stencil: 0, acc: 0000, samples: 0/0
display  D   display_settings.c:398  _al_score_display_settings       [   0.02293] Single Buffer requirement not met.
display  D   display_settings.c:212  debug_display_settings           [   0.02295] color: 16 (rgba 5650), depth: 24, stencil: 8, acc: 0000, samples: 0/0
display  D   display_settings.c:398  _al_score_display_settings       [   0.02298] Single Buffer requirement not met.
display  D   display_settings.c:212  debug_display_settings           [   0.02301] color: 16 (rgba 5650), depth: 24, stencil: 8, acc: 0000, samples: 0/0
display  D   display_settings.c:398  _al_score_display_settings       [   0.02303] Single Buffer requirement not met.
display  D   display_settings.c:212  debug_display_settings           [   0.02306] color: 16 (rgba 5650), depth: 24, stencil: 0, acc: 0000, samples: 0/0
display  D   display_settings.c:398  _al_score_display_settings       [   0.02308] Single Buffer requirement not met.
display  D   display_settings.c:212  debug_display_settings           [   0.02311] color: 16 (rgba 5650), depth: 24, stencil: 0, acc: 0000, samples: 0/0
display  D   display_settings.c:398  _al_score_display_settings       [   0.02313] Single Buffer requirement not met.
display  D   display_settings.c:212  debug_display_settings           [   0.02316] color: 16 (rgba 5650), depth: 16, stencil: 0, acc: 0000, samples: 0/0
display  D   display_settings.c:398  _al_score_display_settings       [   0.02318] Single Buffer requirement not met.
display  D   display_settings.c:212  debug_display_settings           [   0.02321] color: 16 (rgba 5650), depth: 16, stencil: 0, acc: 0000, samples: 0/0
display  D   display_settings.c:398  _al_score_display_settings       [   0.02324] Single Buffer requirement not met.
display  D   display_settings.c:212  debug_display_settings           [   0.02326] color: 32 (rgba 8880), depth: 0, stencil: 0, acc: 0000, samples: 0/0
display  D   display_settings.c:527  _al_score_display_settings       [   0.02329] Score is : 769
display  D   display_settings.c:212  debug_display_settings           [   0.02331] color: 32 (rgba 8880), depth: 0, stencil: 0, acc: 0000, samples: 0/0
display  D   display_settings.c:527  _al_score_display_settings       [   0.02334] Score is : 769
display  D   display_settings.c:212  debug_display_settings           [   0.02336] color: 32 (rgba 8880), depth: 24, stencil: 8, acc: 0000, samples: 0/0
display  D   display_settings.c:527  _al_score_display_settings       [   0.02339] Score is : 769
display  D   display_settings.c:212  debug_display_settings           [   0.02341] color: 32 (rgba 8880), depth: 24, stencil: 8, acc: 0000, samples: 0/0
display  D   display_settings.c:527  _al_score_display_settings       [   0.02344] Score is : 769
display  D   display_settings.c:212  debug_display_settings           [   0.02346] color: 32 (rgba 8880), depth: 24, stencil: 0, acc: 0000, samples: 0/0
display  D   display_settings.c:527  _al_score_display_settings       [   0.02349] Score is : 769
display  D   display_settings.c:212  debug_display_settings           [   0.02353] color: 32 (rgba 8880), depth: 24, stencil: 0, acc: 0000, samples: 0/0
display  D   display_settings.c:527  _al_score_display_settings       [   0.02356] Score is : 769
display  D   display_settings.c:212  debug_display_settings           [   0.02358] color: 32 (rgba 8880), depth: 16, stencil: 0, acc: 0000, samples: 0/0
display  D   display_settings.c:527  _al_score_display_settings       [   0.02361] Score is : 769
display  D   display_settings.c:212  debug_display_settings           [   0.02367] color: 32 (rgba 8880), depth: 16, stencil: 0, acc: 0000, samples: 0/0
display  D   display_settings.c:527  _al_score_display_settings       [   0.02370] Score is : 769
display  D   display_settings.c:212  debug_display_settings           [   0.02372] color: 16 (rgba 5650), depth: 0, stencil: 0, acc: 0000, samples: 0/0
display  D   display_settings.c:527  _al_score_display_settings       [   0.02388] Score is : 769
display  D   display_settings.c:212  debug_display_settings           [   0.02392] color: 16 (rgba 5650), depth: 0, stencil: 0, acc: 0000, samples: 0/0
display  D   display_settings.c:527  _al_score_display_settings       [   0.02395] Score is : 769
display  D   display_settings.c:212  debug_display_settings           [   0.02398] color: 16 (rgba 5650), depth: 24, stencil: 8, acc: 0000, samples: 0/0
display  D   display_settings.c:527  _al_score_display_settings       [   0.02401] Score is : 769
display  D   display_settings.c:212  debug_display_settings           [   0.02403] color: 16 (rgba 5650), depth: 24, stencil: 8, acc: 0000, samples: 0/0
display  D   display_settings.c:527  _al_score_display_settings       [   0.02411] Score is : 769
display  D   display_settings.c:212  debug_display_settings           [   0.02414] color: 16 (rgba 5650), depth: 24, stencil: 0, acc: 0000, samples: 0/0
display  D   display_settings.c:527  _al_score_display_settings       [   0.02418] Score is : 769
display  D   display_settings.c:212  debug_display_settings           [   0.02420] color: 16 (rgba 5650), depth: 24, stencil: 0, acc: 0000, samples: 0/0
display  D   display_settings.c:527  _al_score_display_settings       [   0.02424] Score is : 769
display  D   display_settings.c:212  debug_display_settings           [   0.02428] color: 16 (rgba 5650), depth: 16, stencil: 0, acc: 0000, samples: 0/0
display  D   display_settings.c:527  _al_score_display_settings       [   0.02436] Score is : 769
display  D   display_settings.c:212  debug_display_settings           [   0.02440] color: 16 (rgba 5650), depth: 16, stencil: 0, acc: 0000, samples: 0/0
display  D   display_settings.c:527  _al_score_display_settings       [   0.02443] Score is : 769
display  D   display_settings.c:212  debug_display_settings           [   0.02446] color: 32 (rgba 8880), depth: 0, stencil: 0, acc: 0000, samples: 0/0
display  D   display_settings.c:398  _al_score_display_settings       [   0.02466] Single Buffer requirement not met.
display  D   display_settings.c:212  debug_display_settings           [   0.02470] color: 32 (rgba 8880), depth: 0, stencil: 0, acc: 0000, samples: 0/0
display  D   display_settings.c:398  _al_score_display_settings       [   0.02475] Single Buffer requirement not met.
display  D   display_settings.c:212  debug_display_settings           [   0.02478] color: 32 (rgba 8880), depth: 24, stencil: 8, acc: 0000, samples: 0/0
display  D   display_settings.c:398  _al_score_display_settings       [   0.02483] Single Buffer requirement not met.
display  D   display_settings.c:212  debug_display_settings           [   0.02486] color: 32 (rgba 8880), depth: 24, stencil: 8, acc: 0000, samples: 0/0
display  D   display_settings.c:398  _al_score_display_settings       [   0.02490] Single Buffer requirement not met.
display  D   display_settings.c:212  debug_display_settings           [   0.02494] color: 32 (rgba 8880), depth: 24, stencil: 0, acc: 0000, samples: 0/0
display  D   display_settings.c:398  _al_score_display_settings       [   0.02500] Single Buffer requirement not met.
display  D   display_settings.c:212  debug_display_settings           [   0.02503] color: 32 (rgba 8880), depth: 24, stencil: 0, acc: 0000, samples: 0/0
display  D   display_settings.c:398  _al_score_display_settings       [   0.02506] Single Buffer requirement not met.
display  D   display_settings.c:212  debug_display_settings           [   0.02509] color: 32 (rgba 8880), depth: 16, stencil: 0, acc: 0000, samples: 0/0
display  D   display_settings.c:398  _al_score_display_settings       [   0.02512] Single Buffer requirement not met.
display  D   display_settings.c:212  debug_display_settings           [   0.02524] color: 32 (rgba 8880), depth: 16, stencil: 0, acc: 0000, samples: 0/0
display  D   display_settings.c:398  _al_score_display_settings       [   0.02529] Single Buffer requirement not met.
display  D   display_settings.c:212  debug_display_settings           [   0.02532] color: 16 (rgba 5650), depth: 0, stencil: 0, acc: 0000, samples: 0/0
display  D   display_settings.c:398  _al_score_display_settings       [   0.02535] Single Buffer requirement not met.
display  D   display_settings.c:212  debug_display_settings           [   0.02538] color: 16 (rgba 5650), depth: 0, stencil: 0, acc: 0000, samples: 0/0
display  D   display_settings.c:398  _al_score_display_settings       [   0.02541] Single Buffer requirement not met.
display  D   display_settings.c:212  debug_display_settings           [   0.02544] color: 16 (rgba 5650), depth: 24, stencil: 8, acc: 0000, samples: 0/0
display  D   display_settings.c:398  _al_score_display_settings       [   0.02547] Single Buffer requirement not met.
display  D   display_settings.c:212  debug_display_settings           [   0.02549] color: 16 (rgba 5650), depth: 24, stencil: 8, acc: 0000, samples: 0/0
display  D   display_settings.c:398  _al_score_display_settings       [   0.02553] Single Buffer requirement not met.
display  D   display_settings.c:212  debug_display_settings           [   0.02555] color: 16 (rgba 5650), depth: 24, stencil: 0, acc: 0000, samples: 0/0
display  D   display_settings.c:398  _al_score_display_settings       [   0.02561] Single Buffer requirement not met.
display  D   display_settings.c:212  debug_display_settings           [   0.02565] color: 16 (rgba 5650), depth: 24, stencil: 0, acc: 0000, samples: 0/0
display  D   display_settings.c:398  _al_score_display_settings       [   0.02568] Single Buffer requirement not met.
display  D   display_settings.c:212  debug_display_settings           [   0.02571] color: 16 (rgba 5650), depth: 16, stencil: 0, acc: 0000, samples: 0/0
display  D   display_settings.c:398  _al_score_display_settings       [   0.02576] Single Buffer requirement not met.
display  D   display_settings.c:212  debug_display_settings           [   0.02579] color: 16 (rgba 5650), depth: 16, stencil: 0, acc: 0000, samples: 0/0
display  D   display_settings.c:398  _al_score_display_settings       [   0.02584] Single Buffer requirement not met.
d3d      D         d3d_disp.cpp:1678 d3d_create_display_internals     [   0.02590] Trying format 0.
d3d      I         d3d_disp.cpp:1354 d3d_display_thread_proc          [   0.02618] Chose a display format: 23
d3d      I         d3d_disp.cpp:1423 d3d_display_thread_proc          [   0.02622] Normal window.
d3d      I         d3d_disp.cpp:791  d3d_create_device                [   0.05934] Using no depth stencil buffer
d3d      D         d3d_disp.cpp:849  d3d_create_device                [   0.07450] BeginScene succeeded in create_device
d3d      D         d3d_disp.cpp:857  d3d_create_device                [   0.07459] Success
d3d      D         d3d_disp.cpp:1701 d3d_create_display_internals     [   0.07464] Resumed after wait.
d3d      I         d3d_disp.cpp:1734 d3d_create_display_internals     [   0.07470] Format 0 succeeded.
d3d      D         d3d_disp.cpp:1765 d3d_create_display_internals     [   0.07476] Returning d3d_display: 00000189D4FAAEE0
d3d      D         d3d_disp.cpp:1790 d3d_create_display_locked        [   0.07480] al_display=00000189D4FAAEE0
d3d      D         d3d_disp.cpp:1791 d3d_create_display_locked        [   0.07483] al_display->vt=00000189D4FA5E30
system   D            wsystem.c:799  maybe_parent_dir                 [   0.07504] Also searching C:\Users\Usuario\Downloads\Project3\x64\
system   D            wsystem.c:854  _al_win_safe_load_library        [   0.07524] PathFindOnPath found: C:\Windows\system32\d3dx9_43.dll
system   D            wsystem.c:760  load_library_at_path             [   0.07527] Calling LoadLibrary C:\Windows\system32\d3dx9_43.dll
system   I            wsystem.c:763  load_library_at_path             [   0.07673] Loaded C:\Windows\system32\d3dx9_43.dll
d3dx9    I        d3d_d3dx9.cpp:88   _imp_load_d3dx9_module_version   [   0.07705] Module "d3dx9_43.dll" loaded.
