stdio    D         file_stdio.c:110  file_stdio_fopen                 [   0.00000] opening C:\Users\Usuario\Documents\ITBA\EDA\EDA-Robot-Cleaner\x64\Debug\allegro5.cfg r
system   D            wsystem.c:799  maybe_parent_dir                 [   0.00000] Also searching C:\Users\Usuario\Documents\ITBA\EDA\EDA-Robot-Cleaner\x64\
system   D            wsystem.c:854  _al_win_safe_load_library        [   0.00000] PathFindOnPath found: C:\Windows\system32\shcore.dll
system   D            wsystem.c:760  load_library_at_path             [   0.00000] Calling LoadLibrary C:\Windows\system32\shcore.dll
system   I            wsystem.c:763  load_library_at_path             [   0.00000] Loaded C:\Windows\system32\shcore.dll
system   I             system.c:267  al_install_system                [   0.00000] Allegro version: 5.2.6
stdio    D         file_stdio.c:110  file_stdio_fopen                 [   0.00067] opening BOSQUE.ttf rb
font     D                ttf.c:942  al_load_ttf_font_stretch_f       [   0.00249] Font BOSQUE.ttf loaded with pixel size 0 x 64.
font     D                ttf.c:944  al_load_ttf_font_stretch_f       [   0.00259]     ascent=48.0, descent=-16.0, height=64.0
dtor     D               dtor.c:196  _al_register_destructor          [   0.00266] added dtor for ttf_font 000002422A785690, func 00007FFC42AF119A
system   D            wsystem.c:799  maybe_parent_dir                 [   0.00284] Also searching C:\Users\Usuario\Documents\ITBA\EDA\EDA-Robot-Cleaner\x64\
system   D            wsystem.c:854  _al_win_safe_load_library        [   0.00312] PathFindOnPath found: C:\Windows\system32\d3d9.dll
system   D            wsystem.c:760  load_library_at_path             [   0.00318] Calling LoadLibrary C:\Windows\system32\d3d9.dll
system   I            wsystem.c:763  load_library_at_path             [   0.00809] Loaded C:\Windows\system32\d3d9.dll
d3d      I         d3d_disp.cpp:684  d3d_init_display                 [   0.04330] Render-to-texture: 1
d3d      I         d3d_disp.cpp:1778 d3d_create_display_locked        [   0.04465] faux_fullscreen=0
d3d      D         d3d_disp.cpp:1779 d3d_create_display_locked        [   0.04923] al_display=000002422A7D3880
d3d      D         d3d_disp.cpp:1780 d3d_create_display_locked        [   0.04949] al_display->vt=000002422A78BC20
d3d      I d3d_display_formats.cpp:144  _al_d3d_generate_display_format_list [   0.05975] found 64 format combinations
display  D   display_settings.c:212  debug_display_settings           [   0.05985] color: 32 (rgba 8880), depth: 0, stencil: 0, acc: 0000, samples: 0/0
display  D   display_settings.c:527  _al_score_display_settings       [   0.05993] Score is : 897
display  D   display_settings.c:212  debug_display_settings           [   0.05998] color: 32 (rgba 8880), depth: 0, stencil: 0, acc: 0000, samples: 0/0
display  D   display_settings.c:527  _al_score_display_settings       [   0.06004] Score is : 897
display  D   display_settings.c:212  debug_display_settings           [   0.06011] color: 32 (rgba 8880), depth: 24, stencil: 8, acc: 0000, samples: 0/0
display  D   display_settings.c:527  _al_score_display_settings       [   0.06017] Score is : 897
display  D   display_settings.c:212  debug_display_settings           [   0.06023] color: 32 (rgba 8880), depth: 24, stencil: 8, acc: 0000, samples: 0/0
display  D   display_settings.c:527  _al_score_display_settings       [   0.06029] Score is : 897
display  D   display_settings.c:212  debug_display_settings           [   0.06034] color: 32 (rgba 8880), depth: 24, stencil: 0, acc: 0000, samples: 0/0
display  D   display_settings.c:527  _al_score_display_settings       [   0.06039] Score is : 897
display  D   display_settings.c:212  debug_display_settings           [   0.06045] color: 32 (rgba 8880), depth: 24, stencil: 0, acc: 0000, samples: 0/0
display  D   display_settings.c:527  _al_score_display_settings       [   0.06051] Score is : 897
display  D   display_settings.c:212  debug_display_settings           [   0.06056] color: 32 (rgba 8880), depth: 16, stencil: 0, acc: 0000, samples: 0/0
display  D   display_settings.c:527  _al_score_display_settings       [   0.06137] Score is : 897
display  D   display_settings.c:212  debug_display_settings           [   0.06155] color: 32 (rgba 8880), depth: 16, stencil: 0, acc: 0000, samples: 0/0
display  D   display_settings.c:527  _al_score_display_settings       [   0.06220] Score is : 897
display  D   display_settings.c:212  debug_display_settings           [   0.06240] color: 16 (rgba 5650), depth: 0, stencil: 0, acc: 0000, samples: 0/0
display  D   display_settings.c:527  _al_score_display_settings       [   0.06248] Score is : 897
display  D   display_settings.c:212  debug_display_settings           [   0.06253] color: 16 (rgba 5650), depth: 0, stencil: 0, acc: 0000, samples: 0/0
display  D   display_settings.c:527  _al_score_display_settings       [   0.06265] Score is : 897
display  D   display_settings.c:212  debug_display_settings           [   0.06289] color: 16 (rgba 5650), depth: 24, stencil: 8, acc: 0000, samples: 0/0
display  D   display_settings.c:527  _al_score_display_settings       [   0.06315] Score is : 897
display  D   display_settings.c:212  debug_display_settings           [   0.06320] color: 16 (rgba 5650), depth: 24, stencil: 8, acc: 0000, samples: 0/0
display  D   display_settings.c:527  _al_score_display_settings       [   0.06326] Score is : 897
display  D   display_settings.c:212  debug_display_settings           [   0.06330] color: 16 (rgba 5650), depth: 24, stencil: 0, acc: 0000, samples: 0/0
display  D   display_settings.c:527  _al_score_display_settings       [   0.06336] Score is : 897
display  D   display_settings.c:212  debug_display_settings           [   0.06343] color: 16 (rgba 5650), depth: 24, stencil: 0, acc: 0000, samples: 0/0
display  D   display_settings.c:527  _al_score_display_settings       [   0.06349] Score is : 897
display  D   display_settings.c:212  debug_display_settings           [   0.06367] color: 16 (rgba 5650), depth: 16, stencil: 0, acc: 0000, samples: 0/0
display  D   display_settings.c:527  _al_score_display_settings       [   0.06375] Score is : 897
display  D   display_settings.c:212  debug_display_settings           [   0.06380] color: 16 (rgba 5650), depth: 16, stencil: 0, acc: 0000, samples: 0/0
display  D   display_settings.c:527  _al_score_display_settings       [   0.06385] Score is : 897
display  D   display_settings.c:212  debug_display_settings           [   0.06390] color: 32 (rgba 8880), depth: 0, stencil: 0, acc: 0000, samples: 0/0
display  D   display_settings.c:398  _al_score_display_settings       [   0.06396] Single Buffer requirement not met.
display  D   display_settings.c:212  debug_display_settings           [   0.06401] color: 32 (rgba 8880), depth: 0, stencil: 0, acc: 0000, samples: 0/0
display  D   display_settings.c:398  _al_score_display_settings       [   0.06406] Single Buffer requirement not met.
display  D   display_settings.c:212  debug_display_settings           [   0.06412] color: 32 (rgba 8880), depth: 24, stencil: 8, acc: 0000, samples: 0/0
display  D   display_settings.c:398  _al_score_display_settings       [   0.06417] Single Buffer requirement not met.
display  D   display_settings.c:212  debug_display_settings           [   0.06422] color: 32 (rgba 8880), depth: 24, stencil: 8, acc: 0000, samples: 0/0
display  D   display_settings.c:398  _al_score_display_settings       [   0.06428] Single Buffer requirement not met.
display  D   display_settings.c:212  debug_display_settings           [   0.06434] color: 32 (rgba 8880), depth: 24, stencil: 0, acc: 0000, samples: 0/0
display  D   display_settings.c:398  _al_score_display_settings       [   0.06440] Single Buffer requirement not met.
display  D   display_settings.c:212  debug_display_settings           [   0.06444] color: 32 (rgba 8880), depth: 24, stencil: 0, acc: 0000, samples: 0/0
display  D   display_settings.c:398  _al_score_display_settings       [   0.06450] Single Buffer requirement not met.
display  D   display_settings.c:212  debug_display_settings           [   0.06456] color: 32 (rgba 8880), depth: 16, stencil: 0, acc: 0000, samples: 0/0
display  D   display_settings.c:398  _al_score_display_settings       [   0.06469] Single Buffer requirement not met.
display  D   display_settings.c:212  debug_display_settings           [   0.06474] color: 32 (rgba 8880), depth: 16, stencil: 0, acc: 0000, samples: 0/0
display  D   display_settings.c:398  _al_score_display_settings       [   0.06479] Single Buffer requirement not met.
display  D   display_settings.c:212  debug_display_settings           [   0.06485] color: 16 (rgba 5650), depth: 0, stencil: 0, acc: 0000, samples: 0/0
display  D   display_settings.c:398  _al_score_display_settings       [   0.06490] Single Buffer requirement not met.
display  D   display_settings.c:212  debug_display_settings           [   0.06495] color: 16 (rgba 5650), depth: 0, stencil: 0, acc: 0000, samples: 0/0
display  D   display_settings.c:398  _al_score_display_settings       [   0.06500] Single Buffer requirement not met.
display  D   display_settings.c:212  debug_display_settings           [   0.06505] color: 16 (rgba 5650), depth: 24, stencil: 8, acc: 0000, samples: 0/0
display  D   display_settings.c:398  _al_score_display_settings       [   0.06510] Single Buffer requirement not met.
display  D   display_settings.c:212  debug_display_settings           [   0.06514] color: 16 (rgba 5650), depth: 24, stencil: 8, acc: 0000, samples: 0/0
display  D   display_settings.c:398  _al_score_display_settings       [   0.06519] Single Buffer requirement not met.
display  D   display_settings.c:212  debug_display_settings           [   0.06524] color: 16 (rgba 5650), depth: 24, stencil: 0, acc: 0000, samples: 0/0
display  D   display_settings.c:398  _al_score_display_settings       [   0.06530] Single Buffer requirement not met.
display  D   display_settings.c:212  debug_display_settings           [   0.06535] color: 16 (rgba 5650), depth: 24, stencil: 0, acc: 0000, samples: 0/0
display  D   display_settings.c:398  _al_score_display_settings       [   0.06542] Single Buffer requirement not met.
display  D   display_settings.c:212  debug_display_settings           [   0.06548] color: 16 (rgba 5650), depth: 16, stencil: 0, acc: 0000, samples: 0/0
display  D   display_settings.c:398  _al_score_display_settings       [   0.06554] Single Buffer requirement not met.
display  D   display_settings.c:212  debug_display_settings           [   0.06559] color: 16 (rgba 5650), depth: 16, stencil: 0, acc: 0000, samples: 0/0
display  D   display_settings.c:398  _al_score_display_settings       [   0.06564] Single Buffer requirement not met.
display  D   display_settings.c:212  debug_display_settings           [   0.06569] color: 32 (rgba 8880), depth: 0, stencil: 0, acc: 0000, samples: 0/0
display  D   display_settings.c:527  _al_score_display_settings       [   0.06574] Score is : 769
display  D   display_settings.c:212  debug_display_settings           [   0.06579] color: 32 (rgba 8880), depth: 0, stencil: 0, acc: 0000, samples: 0/0
display  D   display_settings.c:527  _al_score_display_settings       [   0.06585] Score is : 769
display  D   display_settings.c:212  debug_display_settings           [   0.06590] color: 32 (rgba 8880), depth: 24, stencil: 8, acc: 0000, samples: 0/0
display  D   display_settings.c:527  _al_score_display_settings       [   0.06595] Score is : 769
display  D   display_settings.c:212  debug_display_settings           [   0.06600] color: 32 (rgba 8880), depth: 24, stencil: 8, acc: 0000, samples: 0/0
display  D   display_settings.c:527  _al_score_display_settings       [   0.06606] Score is : 769
display  D   display_settings.c:212  debug_display_settings           [   0.06611] color: 32 (rgba 8880), depth: 24, stencil: 0, acc: 0000, samples: 0/0
display  D   display_settings.c:527  _al_score_display_settings       [   0.06617] Score is : 769
display  D   display_settings.c:212  debug_display_settings           [   0.06622] color: 32 (rgba 8880), depth: 24, stencil: 0, acc: 0000, samples: 0/0
display  D   display_settings.c:527  _al_score_display_settings       [   0.06627] Score is : 769
display  D   display_settings.c:212  debug_display_settings           [   0.06632] color: 32 (rgba 8880), depth: 16, stencil: 0, acc: 0000, samples: 0/0
display  D   display_settings.c:527  _al_score_display_settings       [   0.06638] Score is : 769
display  D   display_settings.c:212  debug_display_settings           [   0.06642] color: 32 (rgba 8880), depth: 16, stencil: 0, acc: 0000, samples: 0/0
display  D   display_settings.c:527  _al_score_display_settings       [   0.06647] Score is : 769
display  D   display_settings.c:212  debug_display_settings           [   0.06654] color: 16 (rgba 5650), depth: 0, stencil: 0, acc: 0000, samples: 0/0
display  D   display_settings.c:527  _al_score_display_settings       [   0.06660] Score is : 769
display  D   display_settings.c:212  debug_display_settings           [   0.06664] color: 16 (rgba 5650), depth: 0, stencil: 0, acc: 0000, samples: 0/0
display  D   display_settings.c:527  _al_score_display_settings       [   0.06670] Score is : 769
display  D   display_settings.c:212  debug_display_settings           [   0.06674] color: 16 (rgba 5650), depth: 24, stencil: 8, acc: 0000, samples: 0/0
display  D   display_settings.c:527  _al_score_display_settings       [   0.06680] Score is : 769
display  D   display_settings.c:212  debug_display_settings           [   0.06685] color: 16 (rgba 5650), depth: 24, stencil: 8, acc: 0000, samples: 0/0
display  D   display_settings.c:527  _al_score_display_settings       [   0.06691] Score is : 769
display  D   display_settings.c:212  debug_display_settings           [   0.06697] color: 16 (rgba 5650), depth: 24, stencil: 0, acc: 0000, samples: 0/0
display  D   display_settings.c:527  _al_score_display_settings       [   0.06703] Score is : 769
display  D   display_settings.c:212  debug_display_settings           [   0.06707] color: 16 (rgba 5650), depth: 24, stencil: 0, acc: 0000, samples: 0/0
display  D   display_settings.c:527  _al_score_display_settings       [   0.06712] Score is : 769
display  D   display_settings.c:212  debug_display_settings           [   0.06717] color: 16 (rgba 5650), depth: 16, stencil: 0, acc: 0000, samples: 0/0
display  D   display_settings.c:527  _al_score_display_settings       [   0.06723] Score is : 769
display  D   display_settings.c:212  debug_display_settings           [   0.06728] color: 16 (rgba 5650), depth: 16, stencil: 0, acc: 0000, samples: 0/0
display  D   display_settings.c:527  _al_score_display_settings       [   0.06733] Score is : 769
display  D   display_settings.c:212  debug_display_settings           [   0.06738] color: 32 (rgba 8880), depth: 0, stencil: 0, acc: 0000, samples: 0/0
display  D   display_settings.c:398  _al_score_display_settings       [   0.06744] Single Buffer requirement not met.
display  D   display_settings.c:212  debug_display_settings           [   0.06749] color: 32 (rgba 8880), depth: 0, stencil: 0, acc: 0000, samples: 0/0
display  D   display_settings.c:398  _al_score_display_settings       [   0.06755] Single Buffer requirement not met.
display  D   display_settings.c:212  debug_display_settings           [   0.06760] color: 32 (rgba 8880), depth: 24, stencil: 8, acc: 0000, samples: 0/0
display  D   display_settings.c:398  _al_score_display_settings       [   0.06766] Single Buffer requirement not met.
display  D   display_settings.c:212  debug_display_settings           [   0.06771] color: 32 (rgba 8880), depth: 24, stencil: 8, acc: 0000, samples: 0/0
display  D   display_settings.c:398  _al_score_display_settings       [   0.06776] Single Buffer requirement not met.
display  D   display_settings.c:212  debug_display_settings           [   0.06781] color: 32 (rgba 8880), depth: 24, stencil: 0, acc: 0000, samples: 0/0
display  D   display_settings.c:398  _al_score_display_settings       [   0.06787] Single Buffer requirement not met.
display  D   display_settings.c:212  debug_display_settings           [   0.06792] color: 32 (rgba 8880), depth: 24, stencil: 0, acc: 0000, samples: 0/0
display  D   display_settings.c:398  _al_score_display_settings       [   0.06798] Single Buffer requirement not met.
display  D   display_settings.c:212  debug_display_settings           [   0.06803] color: 32 (rgba 8880), depth: 16, stencil: 0, acc: 0000, samples: 0/0
display  D   display_settings.c:398  _al_score_display_settings       [   0.06808] Single Buffer requirement not met.
display  D   display_settings.c:212  debug_display_settings           [   0.06814] color: 32 (rgba 8880), depth: 16, stencil: 0, acc: 0000, samples: 0/0
display  D   display_settings.c:398  _al_score_display_settings       [   0.06820] Single Buffer requirement not met.
display  D   display_settings.c:212  debug_display_settings           [   0.06825] color: 16 (rgba 5650), depth: 0, stencil: 0, acc: 0000, samples: 0/0
display  D   display_settings.c:398  _al_score_display_settings       [   0.06830] Single Buffer requirement not met.
display  D   display_settings.c:212  debug_display_settings           [   0.06835] color: 16 (rgba 5650), depth: 0, stencil: 0, acc: 0000, samples: 0/0
display  D   display_settings.c:398  _al_score_display_settings       [   0.06840] Single Buffer requirement not met.
display  D   display_settings.c:212  debug_display_settings           [   0.06846] color: 16 (rgba 5650), depth: 24, stencil: 8, acc: 0000, samples: 0/0
display  D   display_settings.c:398  _al_score_display_settings       [   0.06854] Single Buffer requirement not met.
display  D   display_settings.c:212  debug_display_settings           [   0.06858] color: 16 (rgba 5650), depth: 24, stencil: 8, acc: 0000, samples: 0/0
display  D   display_settings.c:398  _al_score_display_settings       [   0.06864] Single Buffer requirement not met.
display  D   display_settings.c:212  debug_display_settings           [   0.06869] color: 16 (rgba 5650), depth: 24, stencil: 0, acc: 0000, samples: 0/0
display  D   display_settings.c:398  _al_score_display_settings       [   0.06875] Single Buffer requirement not met.
display  D   display_settings.c:212  debug_display_settings           [   0.06880] color: 16 (rgba 5650), depth: 24, stencil: 0, acc: 0000, samples: 0/0
display  D   display_settings.c:398  _al_score_display_settings       [   0.06886] Single Buffer requirement not met.
display  D   display_settings.c:212  debug_display_settings           [   0.06891] color: 16 (rgba 5650), depth: 16, stencil: 0, acc: 0000, samples: 0/0
display  D   display_settings.c:398  _al_score_display_settings       [   0.06897] Single Buffer requirement not met.
display  D   display_settings.c:212  debug_display_settings           [   0.06902] color: 16 (rgba 5650), depth: 16, stencil: 0, acc: 0000, samples: 0/0
display  D   display_settings.c:398  _al_score_display_settings       [   0.06907] Single Buffer requirement not met.
d3d      D         d3d_disp.cpp:1678 d3d_create_display_internals     [   0.06932] Trying format 0.
d3d      I         d3d_disp.cpp:1354 d3d_display_thread_proc          [   0.08299] Chose a display format: 23
d3d      I         d3d_disp.cpp:1423 d3d_display_thread_proc          [   0.08529] Normal window.
d3d      I         d3d_disp.cpp:791  d3d_create_device                [   0.13302] Using no depth stencil buffer
d3d      D         d3d_disp.cpp:849  d3d_create_device                [   0.15617] BeginScene succeeded in create_device
d3d      D         d3d_disp.cpp:857  d3d_create_device                [   0.15625] Success
d3d      D         d3d_disp.cpp:1701 d3d_create_display_internals     [   0.15634] Resumed after wait.
d3d      I         d3d_disp.cpp:1734 d3d_create_display_internals     [   0.15642] Format 0 succeeded.
d3d      D         d3d_disp.cpp:1765 d3d_create_display_internals     [   0.15657] Returning d3d_display: 000002422A7D3880
d3d      D         d3d_disp.cpp:1790 d3d_create_display_locked        [   0.15663] al_display=000002422A7D3880
d3d      D         d3d_disp.cpp:1791 d3d_create_display_locked        [   0.15669] al_display->vt=000002422A78BC20
system   D            wsystem.c:799  maybe_parent_dir                 [   0.15695] Also searching C:\Users\Usuario\Documents\ITBA\EDA\EDA-Robot-Cleaner\x64\
system   D            wsystem.c:854  _al_win_safe_load_library        [   0.15721] PathFindOnPath found: C:\Windows\system32\d3dx9_43.dll
system   D            wsystem.c:760  load_library_at_path             [   0.15728] Calling LoadLibrary C:\Windows\system32\d3dx9_43.dll
system   I            wsystem.c:763  load_library_at_path             [   0.16149] Loaded C:\Windows\system32\d3dx9_43.dll
d3dx9    I        d3d_d3dx9.cpp:88   _imp_load_d3dx9_module_version   [   0.16255] Module "d3dx9_43.dll" loaded.
d3d      D         d3d_disp.cpp:1198 real_choose_bitmap_format        [   0.16417] Fake format
d3d      D         d3d_disp.cpp:1198 real_choose_bitmap_format        [   0.16425] Fake format
d3d      D         d3d_disp.cpp:1198 real_choose_bitmap_format        [   0.16433] Fake format
d3d      D         d3d_disp.cpp:1198 real_choose_bitmap_format        [   0.16441] Fake format
d3d      D         d3d_disp.cpp:1198 real_choose_bitmap_format        [   0.16570] Fake format
d3d      D         d3d_disp.cpp:1198 real_choose_bitmap_format        [   0.16579] Fake format
d3d      D         d3d_disp.cpp:1198 real_choose_bitmap_format        [   0.16587] Fake format
d3d      D         d3d_disp.cpp:1198 real_choose_bitmap_format        [   0.16595] Fake format
d3d      D         d3d_disp.cpp:1198 real_choose_bitmap_format        [   0.16709] Fake format
d3d      D         d3d_disp.cpp:1206 real_choose_bitmap_format        [   0.16731] Alpha doesn't match
d3d      D         d3d_disp.cpp:1213 real_choose_bitmap_format        [   0.16737] Adapter format is 23
d3d      D         d3d_disp.cpp:1216 real_choose_bitmap_format        [   0.16751] Found a format
d3d      I         d3d_disp.cpp:2387 d3d_create_bitmap                [   0.16758] Chose bitmap format 9
font     D                ttf.c:242  alloc_glyph_region               [   0.17080] Glyph 8: 58x49 (60x52)
font     D                ttf.c:286  alloc_glyph_region               [   0.17266] Locking glyph region: 0000024233414FB0 0 0 60 52
font     D                ttf.c:166  unlock_current_page              [   0.19210] Unlocking page: 0000024233414FB0
font     D                ttf.c:242  alloc_glyph_region               [   0.19228] Glyph 34: 18x40 (20x40)
font     D                ttf.c:286  alloc_glyph_region               [   0.19237] Locking glyph region: 0000024233414FB0 60 0 20 40
font     D                ttf.c:166  unlock_current_page              [   0.19248] Unlocking page: 0000024233414FB0
font     D                ttf.c:242  alloc_glyph_region               [   0.19330] Glyph 44: 22x32 (24x32)
font     D                ttf.c:286  alloc_glyph_region               [   0.19340] Locking glyph region: 0000024233414FB0 80 0 24 32
font     D                ttf.c:166  unlock_current_page              [   0.19366] Unlocking page: 0000024233414FB0
font     D                ttf.c:242  alloc_glyph_region               [   0.19535] Glyph 45: 23x41 (24x44)
font     D                ttf.c:286  alloc_glyph_region               [   0.19612] Locking glyph region: 0000024233414FB0 104 0 24 44
font     D                ttf.c:166  unlock_current_page              [   0.19627] Unlocking page: 0000024233414FB0
font     D                ttf.c:242  alloc_glyph_region               [   0.19648] Glyph 40: 36x33 (36x36)
font     D                ttf.c:286  alloc_glyph_region               [   0.19674] Locking glyph region: 0000024233414FB0 128 0 36 36
font     D                ttf.c:166  unlock_current_page              [   0.19686] Unlocking page: 0000024233414FB0
font     D                ttf.c:242  alloc_glyph_region               [   0.19705] Glyph 33: 33x45 (36x48)
font     D                ttf.c:286  alloc_glyph_region               [   0.19715] Locking glyph region: 0000024233414FB0 164 0 36 48
font     D                ttf.c:166  unlock_current_page              [   0.19742] Unlocking page: 0000024233414FB0
font     D                ttf.c:242  alloc_glyph_region               [   0.19752] Glyph 43: 27x31 (28x32)
font     D                ttf.c:286  alloc_glyph_region               [   0.19764] Locking glyph region: 0000024233414FB0 200 0 28 32
font     D                ttf.c:166  unlock_current_page              [   0.19785] Unlocking page: 0000024233414FB0
font     D                ttf.c:242  alloc_glyph_region               [   0.19830] Glyph 405: 32x34 (32x36)
font     D                ttf.c:286  alloc_glyph_region               [   0.19838] Locking glyph region: 0000024233414FB0 228 0 32 36
font     D                ttf.c:166  unlock_current_page              [   0.19897] Unlocking page: 0000024233414FB0
font     D                ttf.c:242  alloc_glyph_region               [   0.20006] Glyph 39: 59x32 (60x32)
font     D                ttf.c:286  alloc_glyph_region               [   0.20034] Locking glyph region: 0000024233414FB0 260 0 60 32
font     D                ttf.c:166  unlock_current_page              [   0.20055] Unlocking page: 0000024233414FB0
dtor     D               dtor.c:227  _al_unregister_destructor        [   0.20933] removed dtor for ttf_font 000002422A785690
stdio    D         file_stdio.c:110  file_stdio_fopen                 [   0.21852] opening BOSQUE.ttf rb
font     D                ttf.c:942  al_load_ttf_font_stretch_f       [   0.22519] Font BOSQUE.ttf loaded with pixel size 0 x 20.
font     D                ttf.c:944  al_load_ttf_font_stretch_f       [   0.22632]     ascent=15.0, descent=-5.0, height=20.0
dtor     D               dtor.c:196  _al_register_destructor          [   0.22701] added dtor for ttf_font 0000024233461760, func 00007FFC42AF119A
stdio    D         file_stdio.c:110  file_stdio_fopen                 [   0.22710] opening BOSQUE.ttf rb
font     D                ttf.c:942  al_load_ttf_font_stretch_f       [   0.22885] Font BOSQUE.ttf loaded with pixel size 0 x 12.
font     D                ttf.c:944  al_load_ttf_font_stretch_f       [   0.23079]     ascent=9.0, descent=-3.0, height=12.0
dtor     D               dtor.c:196  _al_register_destructor          [   0.23192] added dtor for ttf_font 00000242334610D0, func 00007FFC42AF119A
stdio    D         file_stdio.c:110  file_stdio_fopen                 [   0.23202] opening rectangulo.png rb
stdio    D         file_stdio.c:110  file_stdio_fopen                 [   0.23335] opening rectangulo.png rb
d3d      D         d3d_disp.cpp:1198 real_choose_bitmap_format        [   0.23368] Fake format
d3d      D         d3d_disp.cpp:1198 real_choose_bitmap_format        [   0.23390] Fake format
d3d      D         d3d_disp.cpp:1198 real_choose_bitmap_format        [   0.23404] Fake format
d3d      D         d3d_disp.cpp:1198 real_choose_bitmap_format        [   0.23411] Fake format
d3d      D         d3d_disp.cpp:1198 real_choose_bitmap_format        [   0.23418] Fake format
d3d      D         d3d_disp.cpp:1198 real_choose_bitmap_format        [   0.23432] Fake format
d3d      D         d3d_disp.cpp:1198 real_choose_bitmap_format        [   0.23439] Fake format
d3d      D         d3d_disp.cpp:1198 real_choose_bitmap_format        [   0.23446] Fake format
d3d      D         d3d_disp.cpp:1198 real_choose_bitmap_format        [   0.23474] Fake format
d3d      D         d3d_disp.cpp:1206 real_choose_bitmap_format        [   0.23480] Alpha doesn't match
d3d      D         d3d_disp.cpp:1213 real_choose_bitmap_format        [   0.23488] Adapter format is 23
d3d      D         d3d_disp.cpp:1216 real_choose_bitmap_format        [   0.23517] Found a format
d3d      I         d3d_disp.cpp:2387 d3d_create_bitmap                [   0.23527] Chose bitmap format 9
dtor     D               dtor.c:196  _al_register_destructor          [   0.23572] added dtor for bitmap 0000024233416500, func 00007FFC16C81339
d3d      D         d3d_disp.cpp:1198 real_choose_bitmap_format        [   0.23665] Fake format
d3d      D         d3d_disp.cpp:1198 real_choose_bitmap_format        [   0.23673] Fake format
d3d      D         d3d_disp.cpp:1198 real_choose_bitmap_format        [   0.23680] Fake format
d3d      D         d3d_disp.cpp:1198 real_choose_bitmap_format        [   0.23686] Fake format
d3d      D         d3d_disp.cpp:1198 real_choose_bitmap_format        [   0.23712] Fake format
d3d      D         d3d_disp.cpp:1198 real_choose_bitmap_format        [   0.23769] Fake format
d3d      D         d3d_disp.cpp:1198 real_choose_bitmap_format        [   0.23781] Fake format
d3d      D         d3d_disp.cpp:1198 real_choose_bitmap_format        [   0.23787] Fake format
d3d      D         d3d_disp.cpp:1198 real_choose_bitmap_format        [   0.23812] Fake format
d3d      D         d3d_disp.cpp:1206 real_choose_bitmap_format        [   0.23818] Alpha doesn't match
d3d      D         d3d_disp.cpp:1213 real_choose_bitmap_format        [   0.23843] Adapter format is 23
d3d      D         d3d_disp.cpp:1216 real_choose_bitmap_format        [   0.23849] Found a format
d3d      I         d3d_disp.cpp:2387 d3d_create_bitmap                [   0.23861] Chose bitmap format 9
font     D                ttf.c:242  alloc_glyph_region               [   0.23939] Glyph 59: 12x17 (12x20)
font     D                ttf.c:286  alloc_glyph_region               [   0.23956] Locking glyph region: 0000024233414FB0 0 0 12 20
font     D                ttf.c:166  unlock_current_page              [   0.24031] Unlocking page: 0000024233414FB0
font     D                ttf.c:242  alloc_glyph_region               [   0.24048] Glyph 53: 12x18 (12x20)
font     D                ttf.c:286  alloc_glyph_region               [   0.24055] Locking glyph region: 0000024233414FB0 12 0 12 20
font     D                ttf.c:166  unlock_current_page              [   0.24065] Unlocking page: 0000024233414FB0
font     D                ttf.c:242  alloc_glyph_region               [   0.24079] Glyph 60: 9x17 (12x20)
font     D                ttf.c:286  alloc_glyph_region               [   0.24085] Locking glyph region: 0000024233414FB0 24 0 12 20
font     D                ttf.c:166  unlock_current_page              [   0.24102] Unlocking page: 0000024233414FB0
font     D                ttf.c:242  alloc_glyph_region               [   0.24112] Glyph 56: 12x18 (12x20)
font     D                ttf.c:286  alloc_glyph_region               [   0.24121] Locking glyph region: 0000024233414FB0 36 0 12 20
font     D                ttf.c:166  unlock_current_page              [   0.24130] Unlocking page: 0000024233414FB0
font     D                ttf.c:242  alloc_glyph_region               [   0.24141] Glyph 54: 11x18 (12x20)
font     D                ttf.c:286  alloc_glyph_region               [   0.24150] Locking glyph region: 0000024233414FB0 48 0 12 20
font     D                ttf.c:166  unlock_current_page              [   0.24170] Unlocking page: 0000024233414FB0
font     D                ttf.c:242  alloc_glyph_region               [   0.24186] Glyph 55: 12x17 (12x20)
font     D                ttf.c:286  alloc_glyph_region               [   0.24194] Locking glyph region: 0000024233414FB0 60 0 12 20
font     D                ttf.c:166  unlock_current_page              [   0.24207] Unlocking page: 0000024233414FB0
font     D                ttf.c:242  alloc_glyph_region               [   0.24218] Glyph 61: 12x18 (12x20)
font     D                ttf.c:286  alloc_glyph_region               [   0.24245] Locking glyph region: 0000024233414FB0 72 0 12 20
font     D                ttf.c:166  unlock_current_page              [   0.24267] Unlocking page: 0000024233414FB0
d3d      D         d3d_disp.cpp:1198 real_choose_bitmap_format        [   0.24286] Fake format
d3d      D         d3d_disp.cpp:1198 real_choose_bitmap_format        [   0.24295] Fake format
d3d      D         d3d_disp.cpp:1198 real_choose_bitmap_format        [   0.24300] Fake format
d3d      D         d3d_disp.cpp:1198 real_choose_bitmap_format        [   0.24307] Fake format
d3d      D         d3d_disp.cpp:1198 real_choose_bitmap_format        [   0.24313] Fake format
d3d      D         d3d_disp.cpp:1198 real_choose_bitmap_format        [   0.24319] Fake format
d3d      D         d3d_disp.cpp:1198 real_choose_bitmap_format        [   0.24331] Fake format
d3d      D         d3d_disp.cpp:1198 real_choose_bitmap_format        [   0.24337] Fake format
d3d      D         d3d_disp.cpp:1198 real_choose_bitmap_format        [   0.24342] Fake format
d3d      D         d3d_disp.cpp:1206 real_choose_bitmap_format        [   0.24348] Alpha doesn't match
d3d      D         d3d_disp.cpp:1213 real_choose_bitmap_format        [   0.24356] Adapter format is 23
d3d      D         d3d_disp.cpp:1216 real_choose_bitmap_format        [   0.24381] Found a format
d3d      I         d3d_disp.cpp:2387 d3d_create_bitmap                [   0.24387] Chose bitmap format 9
font     D                ttf.c:242  alloc_glyph_region               [   0.24431] Glyph 60: 7x11 (8x12)
font     D                ttf.c:286  alloc_glyph_region               [   0.24833] Locking glyph region: 0000024233554300 0 0 8 12
font     D                ttf.c:166  unlock_current_page              [   0.24870] Unlocking page: 0000024233554300
font     D                ttf.c:242  alloc_glyph_region               [   0.24892] Glyph 59: 8x12 (8x12)
font     D                ttf.c:286  alloc_glyph_region               [   0.24905] Locking glyph region: 0000024233554300 8 0 8 12
font     D                ttf.c:166  unlock_current_page              [   0.24936] Unlocking page: 0000024233554300
font     D                ttf.c:242  alloc_glyph_region               [   0.24989] Glyph 58: 8x13 (8x16)
font     D                ttf.c:286  alloc_glyph_region               [   0.25010] Locking glyph region: 0000024233554300 16 0 8 16
font     D                ttf.c:166  unlock_current_page              [   0.25046] Unlocking page: 0000024233554300
font     D                ttf.c:242  alloc_glyph_region               [   0.25063] Glyph 57: 8x11 (8x12)
font     D                ttf.c:286  alloc_glyph_region               [   0.25124] Locking glyph region: 0000024233554300 24 0 8 12
font     D                ttf.c:166  unlock_current_page              [   0.25143] Unlocking page: 0000024233554300
font     D                ttf.c:242  alloc_glyph_region               [   0.25201] Glyph 56: 8x11 (8x12)
font     D                ttf.c:286  alloc_glyph_region               [   0.25246] Locking glyph region: 0000024233554300 32 0 8 12
font     D                ttf.c:166  unlock_current_page              [   0.25267] Unlocking page: 0000024233554300
font     D                ttf.c:242  alloc_glyph_region               [   0.25287] Glyph 55: 8x11 (8x12)
font     D                ttf.c:286  alloc_glyph_region               [   0.25294] Locking glyph region: 0000024233554300 40 0 8 12
font     D                ttf.c:166  unlock_current_page              [   0.25354] Unlocking page: 0000024233554300
font     D                ttf.c:242  alloc_glyph_region               [   0.25395] Glyph 54: 7x11 (8x12)
font     D                ttf.c:286  alloc_glyph_region               [   0.25401] Locking glyph region: 0000024233554300 48 0 8 12
font     D                ttf.c:166  unlock_current_page              [   0.25417] Unlocking page: 0000024233554300
font     D                ttf.c:242  alloc_glyph_region               [   0.25455] Glyph 53: 8x12 (8x12)
font     D                ttf.c:286  alloc_glyph_region               [   0.25462] Locking glyph region: 0000024233554300 56 0 8 12
font     D                ttf.c:166  unlock_current_page              [   0.25500] Unlocking page: 0000024233554300
font     D                ttf.c:242  alloc_glyph_region               [   0.25522] Glyph 52: 8x13 (8x16)
font     D                ttf.c:286  alloc_glyph_region               [   0.25530] Locking glyph region: 0000024233554300 64 0 8 16
font     D                ttf.c:166  unlock_current_page              [   0.25564] Unlocking page: 0000024233554300
font     D                ttf.c:242  alloc_glyph_region               [   0.25579] Glyph 61: 8x12 (8x12)
font     D                ttf.c:286  alloc_glyph_region               [   0.25591] Locking glyph region: 0000024233554300 72 0 8 12
font     D                ttf.c:166  unlock_current_page              [   0.25652] Unlocking page: 0000024233554300
d3d      D          d3d_bmp.cpp:539  _al_d3d_sync_bitmap              [   0.25970] _al_d3d_sync_bitmap (system) ref count == 1
d3d      D          d3d_bmp.cpp:545  _al_d3d_sync_bitmap              [   0.25997] _al_d3d_sync_bitmap (video) ref count == 1
d3d      D          d3d_bmp.cpp:539  _al_d3d_sync_bitmap              [   0.26333] _al_d3d_sync_bitmap (system) ref count == 1
d3d      D          d3d_bmp.cpp:545  _al_d3d_sync_bitmap              [   0.26399] _al_d3d_sync_bitmap (video) ref count == 1
d3d      D          d3d_bmp.cpp:539  _al_d3d_sync_bitmap              [   0.26650] _al_d3d_sync_bitmap (system) ref count == 1
d3d      D          d3d_bmp.cpp:545  _al_d3d_sync_bitmap              [   0.26788] _al_d3d_sync_bitmap (video) ref count == 1
dtor     D               dtor.c:227  _al_unregister_destructor        [   0.26873] removed dtor for ttf_font 0000024233461760
dtor     D               dtor.c:227  _al_unregister_destructor        [   0.27126] removed dtor for ttf_font 00000242334610D0
dtor     D               dtor.c:196  _al_register_destructor          [   0.27377] added dtor for queue 0000024233441750, func 00007FFC16C81528
